\\BANNER.MAIN.AD.RIT.EDU\STUDENTS\FZS7217\IGMPROFILE\DOCUMENTS\VISUAL STUDIO 2012\PROJECTS\OPENGLTHEFIRSTDIVE\OPENGLTHEFIRSTDIVE\DEBUG\MAIN.CPP.NATIVECODEANALYSIS.XML
\\BANNER.MAIN.AD.RIT.EDU\STUDENTS\FZS7217\IGMPROFILE\DOCUMENTS\VISUAL STUDIO 2012\PROJECTS\OPENGLTHEFIRSTDIVE\OPENGLTHEFIRSTDIVE\DEBUG\MAIN.OBJ
\\BANNER.MAIN.AD.RIT.EDU\STUDENTS\FZS7217\IGMPROFILE\DOCUMENTS\VISUAL STUDIO 2012\PROJECTS\OPENGLTHEFIRSTDIVE\OPENGLTHEFIRSTDIVE\DEBUG\VC110.PDB
\\BANNER.MAIN.AD.RIT.EDU\STUDENTS\FZS7217\IGMPROFILE\DOCUMENTS\VISUAL STUDIO 2012\PROJECTS\OPENGLTHEFIRSTDIVE\OPENGLTHEFIRSTDIVE\DEBUG\SHADERHELPERS.OBJ
\\BANNER.MAIN.AD.RIT.EDU\STUDENTS\FZS7217\IGMPROFILE\DOCUMENTS\VISUAL STUDIO 2012\PROJECTS\OPENGLTHEFIRSTDIVE - COPY\OPENGLTHEFIRSTDIVE\DEBUG\MAIN.OBJ
\\BANNER.MAIN.AD.RIT.EDU\STUDENTS\FZS7217\IGMPROFILE\DOCUMENTS\VISUAL STUDIO 2012\PROJECTS\OPENGLTHEFIRSTDIVE - COPY\OPENGLTHEFIRSTDIVE\DEBUG\SHADERHELPERS.OBJ
\\BANNER.MAIN.AD.RIT.EDU\STUDENTS\FZS7217\IGMPROFILE\DOCUMENTS\VISUAL STUDIO 2012\PROJECTS\OPENGLTHEFIRSTDIVE - COPY\OPENGLTHEFIRSTDIVE\DEBUG\VC110.PDB
\\BANNER.MAIN.AD.RIT.EDU\STUDENTS\FZS7217\IGMPROFILE\DOCUMENTS\VISUAL STUDIO 2012\PROJECTS\OPENGLTHEFIRSTDIVE\DEBUG\OPENGLTHEFIRSTDIVE.ILK
\\BANNER.MAIN.AD.RIT.EDU\STUDENTS\FZS7217\IGMPROFILE\DOCUMENTS\VISUAL STUDIO 2012\PROJECTS\OPENGLTHEFIRSTDIVE\DEBUG\OPENGLTHEFIRSTDIVE.EXE
\\BANNER.MAIN.AD.RIT.EDU\STUDENTS\FZS7217\IGMPROFILE\DOCUMENTS\VISUAL STUDIO 2012\PROJECTS\OPENGLTHEFIRSTDIVE\DEBUG\OPENGLTHEFIRSTDIVE.PDB
\\BANNER.MAIN.AD.RIT.EDU\STUDENTS\FZS7217\IGMPROFILE\DOCUMENTS\VISUAL STUDIO 2012\PROJECTS\OPENGLTHEFIRSTDIVE - COPY\DEBUG\OPENGLTHEFIRSTDIVE.ILK
\\BANNER.MAIN.AD.RIT.EDU\STUDENTS\FZS7217\IGMPROFILE\DOCUMENTS\VISUAL STUDIO 2012\PROJECTS\OPENGLTHEFIRSTDIVE - COPY\DEBUG\OPENGLTHEFIRSTDIVE.EXE
\\BANNER.MAIN.AD.RIT.EDU\STUDENTS\FZS7217\IGMPROFILE\DOCUMENTS\VISUAL STUDIO 2012\PROJECTS\OPENGLTHEFIRSTDIVE - COPY\DEBUG\OPENGLTHEFIRSTDIVE.PDB
\\banner.main.ad.rit.edu\students\fzs7217\IGMProfile\Documents\Visual Studio 2012\Projects\OPENGLTheFirstDive - Copy\OPENGLTheFirstDive\Debug\ShaderHelpers.obj
\\banner.main.ad.rit.edu\students\fzs7217\IGMProfile\Documents\Visual Studio 2012\Projects\OPENGLTheFirstDive - Copy\OPENGLTheFirstDive\Debug\main.obj
\\banner.main.ad.rit.edu\students\fzs7217\IGMProfile\Documents\Visual Studio 2012\Projects\OPENGLTheFirstDive - Copy\OPENGLTheFirstDive\Debug\CL.read.1.tlog
\\banner.main.ad.rit.edu\students\fzs7217\IGMProfile\Documents\Visual Studio 2012\Projects\OPENGLTheFirstDive - Copy\OPENGLTheFirstDive\Debug\CL.write.1.tlog
\\banner.main.ad.rit.edu\students\fzs7217\IGMProfile\Documents\Visual Studio 2012\Projects\OPENGLTheFirstDive - Copy\OPENGLTheFirstDive\Debug\cl.command.1.tlog
\\banner.main.ad.rit.edu\students\fzs7217\IGMProfile\Documents\Visual Studio 2012\Projects\OPENGLTheFirstDive - Copy\OPENGLTheFirstDive\Debug\link-rc.read.1.tlog
\\banner.main.ad.rit.edu\students\fzs7217\IGMProfile\Documents\Visual Studio 2012\Projects\OPENGLTheFirstDive - Copy\OPENGLTheFirstDive\Debug\link-rc.write.1.tlog
\\banner.main.ad.rit.edu\students\fzs7217\IGMProfile\Documents\Visual Studio 2012\Projects\OPENGLTheFirstDive - Copy\OPENGLTheFirstDive\Debug\link-cvtres.read.1.tlog
\\banner.main.ad.rit.edu\students\fzs7217\IGMProfile\Documents\Visual Studio 2012\Projects\OPENGLTheFirstDive - Copy\OPENGLTheFirstDive\Debug\link-cvtres.write.1.tlog
\\banner.main.ad.rit.edu\students\fzs7217\IGMProfile\Documents\Visual Studio 2012\Projects\OPENGLTheFirstDive - Copy\OPENGLTheFirstDive\Debug\link.read.1.tlog
\\banner.main.ad.rit.edu\students\fzs7217\IGMProfile\Documents\Visual Studio 2012\Projects\OPENGLTheFirstDive - Copy\OPENGLTheFirstDive\Debug\link.write.1.tlog
\\banner.main.ad.rit.edu\students\fzs7217\IGMProfile\Documents\Visual Studio 2012\Projects\OPENGLTheFirstDive - Copy\OPENGLTheFirstDive\Debug\link.command.1.tlog
\\banner.main.ad.rit.edu\students\fzs7217\IGMProfile\Documents\Visual Studio 2012\Projects\OPENGLTheFirstDive - Copy\OPENGLTheFirstDive\Debug\vc110.idb
\\banner.main.ad.rit.edu\students\fzs7217\IGMProfile\Documents\Visual Studio 2012\Projects\OPENGLTheFirstDive - Copy\OPENGLTheFirstDive\Debug\vc110.pdb
\\banner.main.ad.rit.edu\students\fzs7217\IGMProfile\Documents\Visual Studio 2012\Projects\OPENGLTheFirstDive - Copy\OPENGLTheFirstDive\Debug\main.cpp.nativecodeanalysis.xml
\\banner.main.ad.rit.edu\students\fzs7217\IGMProfile\Documents\Visual Studio 2012\Projects\OPENGLTheFirstDive - Copy\Debug\OPENGLTheFirstDive.pdb
\\banner.main.ad.rit.edu\students\fzs7217\IGMProfile\Documents\Visual Studio 2012\Projects\OPENGLTheFirstDive - Copy\Debug\OPENGLTheFirstDive.exe
\\banner.main.ad.rit.edu\students\fzs7217\IGMProfile\Documents\Visual Studio 2012\Projects\OPENGLTheFirstDive - Copy\Debug\OPENGLTheFirstDive.ilk
